TN:
SF:repositories\ordenPagoRepository.js
FN:9,(anonymous_0)
FN:14,(anonymous_1)
FN:24,(anonymous_2)
FN:47,(anonymous_3)
FN:58,(anonymous_4)
FN:87,(anonymous_5)
FN:103,(anonymous_6)
FNF:7
FNH:7
FNDA:2,(anonymous_0)
FNDA:2,(anonymous_1)
FNDA:5,(anonymous_2)
FNDA:2,(anonymous_3)
FNDA:3,(anonymous_4)
FNDA:2,(anonymous_5)
FNDA:1,(anonymous_6)
DA:1,1
DA:10,2
DA:11,2
DA:15,2
DA:16,2
DA:28,5
DA:30,5
DA:31,2
DA:32,2
DA:34,3
DA:35,3
DA:38,5
DA:39,5
DA:48,2
DA:49,2
DA:59,3
DA:61,3
DA:76,3
DA:78,3
DA:79,3
DA:88,2
DA:95,2
DA:96,2
DA:104,1
DA:105,1
DA:106,1
DA:110,1
LF:27
LH:27
BRDA:30,0,0,2
BRDA:30,0,1,3
BRDA:39,1,0,5
BRDA:39,1,1,1
BRDA:58,2,0,2
BRF:5
BRH:5
end_of_record
TN:
SF:services\ordenPagoService.js
FN:10,(anonymous_0)
FNF:1
FNH:1
FNDA:23,(anonymous_0)
DA:1,1
DA:11,23
DA:12,23
DA:13,23
DA:16,23
DA:17,21
DA:19,18
DA:20,18
DA:21,15
DA:24,14
DA:25,14
DA:28,13
DA:29,13
DA:31,12
DA:32,12
DA:33,12
DA:36,12
DA:37,12
DA:38,10
DA:39,10
DA:42,2
DA:43,2
DA:44,1
DA:46,1
DA:47,1
DA:52,11
DA:62,11
DA:66,9
DA:67,9
DA:70,3
DA:71,3
DA:73,12
DA:79,1
LF:33
LH:33
BRDA:16,0,0,2
BRDA:16,0,1,21
BRDA:17,1,0,3
BRDA:17,1,1,18
BRDA:17,2,0,21
BRDA:17,2,1,20
BRDA:17,2,2,19
BRDA:20,3,0,3
BRDA:20,3,1,15
BRDA:20,4,0,18
BRDA:20,4,1,17
BRDA:21,5,0,1
BRDA:21,5,1,14
BRDA:25,6,0,1
BRDA:25,6,1,13
BRDA:29,7,0,1
BRDA:29,7,1,12
BRDA:37,8,0,10
BRDA:37,8,1,2
BRDA:39,9,0,1
BRDA:39,9,1,9
BRDA:43,10,0,1
BRDA:43,10,1,1
BRDA:56,11,0,11
BRDA:56,11,1,10
BRDA:58,12,0,11
BRDA:58,12,1,0
BRF:27
BRH:26
end_of_record
TN:
SF:services\ordenesService.js
FN:5,(anonymous_0)
FN:116,(anonymous_1)
FN:328,(anonymous_2)
FN:490,(anonymous_3)
FN:598,(anonymous_4)
FN:652,(anonymous_5)
FN:785,(anonymous_6)
FN:795,(anonymous_7)
FN:795,(anonymous_8)
FN:964,(anonymous_9)
FN:1006,(anonymous_10)
FN:1016,(anonymous_11)
FN:1038,(anonymous_12)
FNF:13
FNH:0
FNDA:0,(anonymous_0)
FNDA:0,(anonymous_1)
FNDA:0,(anonymous_2)
FNDA:0,(anonymous_3)
FNDA:0,(anonymous_4)
FNDA:0,(anonymous_5)
FNDA:0,(anonymous_6)
FNDA:0,(anonymous_7)
FNDA:0,(anonymous_8)
FNDA:0,(anonymous_9)
FNDA:0,(anonymous_10)
FNDA:0,(anonymous_11)
FNDA:0,(anonymous_12)
DA:1,18
DA:2,18
DA:6,0
DA:24,0
DA:26,0
DA:27,0
DA:28,0
DA:33,0
DA:35,0
DA:36,0
DA:39,0
DA:40,0
DA:42,0
DA:43,0
DA:48,0
DA:49,0
DA:51,0
DA:53,0
DA:56,0
DA:57,0
DA:60,0
DA:61,0
DA:62,0
DA:63,0
DA:66,0
DA:67,0
DA:68,0
DA:70,0
DA:71,0
DA:75,0
DA:76,0
DA:78,0
DA:79,0
DA:80,0
DA:81,0
DA:83,0
DA:84,0
DA:86,0
DA:87,0
DA:91,0
DA:96,0
DA:97,0
DA:100,0
DA:101,0
DA:105,0
DA:106,0
DA:110,0
DA:114,0
DA:115,0
DA:116,0
DA:117,0
DA:118,0
DA:119,0
DA:122,0
DA:124,0
DA:125,0
DA:126,0
DA:127,0
DA:130,0
DA:131,0
DA:134,0
DA:135,0
DA:137,0
DA:138,0
DA:139,0
DA:140,0
DA:141,0
DA:142,0
DA:143,0
DA:144,0
DA:149,0
DA:150,0
DA:154,0
DA:155,0
DA:156,0
DA:158,0
DA:159,0
DA:160,0
DA:162,0
DA:163,0
DA:164,0
DA:165,0
DA:170,0
DA:171,0
DA:172,0
DA:174,0
DA:189,0
DA:190,0
DA:191,0
DA:192,0
DA:196,0
DA:198,0
DA:206,0
DA:207,0
DA:208,0
DA:211,0
DA:214,0
DA:229,0
DA:230,0
DA:233,0
DA:234,0
DA:236,0
DA:237,0
DA:251,0
DA:253,0
DA:254,0
DA:257,0
DA:268,0
DA:269,0
DA:272,0
DA:275,0
DA:276,0
DA:277,0
DA:278,0
DA:279,0
DA:281,0
DA:282,0
DA:286,0
DA:287,0
DA:289,0
DA:300,0
DA:306,0
DA:308,0
DA:318,0
DA:319,0
DA:321,0
DA:329,0
DA:330,0
DA:333,0
DA:375,0
DA:376,0
DA:379,0
DA:380,0
DA:381,0
DA:382,0
DA:386,0
DA:387,0
DA:392,0
DA:393,0
DA:397,0
DA:398,0
DA:399,0
DA:400,0
DA:402,0
DA:403,0
DA:404,0
DA:405,0
DA:409,0
DA:410,0
DA:411,0
DA:412,0
DA:416,0
DA:417,0
DA:418,0
DA:419,0
DA:423,0
DA:424,0
DA:425,0
DA:426,0
DA:430,0
DA:431,0
DA:432,0
DA:433,0
DA:437,0
DA:441,0
DA:442,0
DA:447,0
DA:448,0
DA:452,0
DA:453,0
DA:455,0
DA:458,0
DA:466,0
DA:468,0
DA:469,0
DA:470,0
DA:472,0
DA:473,0
DA:474,0
DA:477,0
DA:479,0
DA:491,0
DA:494,0
DA:536,0
DA:538,0
DA:539,0
DA:542,0
DA:545,0
DA:568,0
DA:571,0
DA:586,0
DA:588,0
DA:599,0
DA:614,0
DA:617,0
DA:618,0
DA:619,0
DA:622,0
DA:623,0
DA:624,0
DA:628,0
DA:629,0
DA:630,0
DA:634,0
DA:635,0
DA:639,0
DA:640,0
DA:641,0
DA:645,0
DA:646,0
DA:650,0
DA:651,0
DA:652,0
DA:653,0
DA:654,0
DA:655,0
DA:658,0
DA:659,0
DA:660,0
DA:661,0
DA:662,0
DA:665,0
DA:667,0
DA:668,0
DA:670,0
DA:671,0
DA:672,0
DA:673,0
DA:674,0
DA:675,0
DA:676,0
DA:677,0
DA:678,0
DA:679,0
DA:682,0
DA:683,0
DA:684,0
DA:686,0
DA:687,0
DA:689,0
DA:690,0
DA:691,0
DA:693,0
DA:711,0
DA:712,0
DA:713,0
DA:716,0
DA:717,0
DA:718,0
DA:720,0
DA:721,0
DA:722,0
DA:724,0
DA:725,0
DA:726,0
DA:728,0
DA:729,0
DA:730,0
DA:732,0
DA:733,0
DA:734,0
DA:736,0
DA:737,0
DA:738,0
DA:740,0
DA:741,0
DA:742,0
DA:744,0
DA:745,0
DA:746,0
DA:748,0
DA:749,0
DA:750,0
DA:752,0
DA:753,0
DA:754,0
DA:756,0
DA:757,0
DA:758,0
DA:761,0
DA:762,0
DA:763,0
DA:765,0
DA:766,0
DA:767,0
DA:772,0
DA:776,0
DA:777,0
DA:779,0
DA:781,0
DA:785,0
DA:788,0
DA:792,0
DA:795,0
DA:798,0
DA:799,0
DA:801,0
DA:802,0
DA:807,0
DA:808,0
DA:820,0
DA:825,0
DA:826,0
DA:828,0
DA:830,0
DA:833,0
DA:834,0
DA:835,0
DA:836,0
DA:838,0
DA:839,0
DA:840,0
DA:852,0
DA:856,0
DA:857,0
DA:872,0
DA:899,0
DA:913,0
DA:914,0
DA:915,0
DA:916,0
DA:929,0
DA:930,0
DA:934,0
DA:935,0
DA:942,0
DA:944,0
DA:954,0
DA:955,0
DA:957,0
DA:965,0
DA:968,0
DA:969,0
DA:970,0
DA:974,0
DA:979,0
DA:980,0
DA:984,0
DA:991,0
DA:996,0
DA:1007,0
DA:1010,0
DA:1017,0
DA:1019,0
DA:1028,0
DA:1029,0
DA:1032,0
DA:1039,0
DA:1040,0
DA:1041,0
DA:1050,0
DA:1051,0
DA:1054,0
DA:1058,18
LF:354
LH:3
BRDA:26,0,0,0
BRDA:26,0,1,0
BRDA:26,1,0,0
BRDA:26,1,1,0
BRDA:26,1,2,0
BRDA:27,2,0,0
BRDA:27,2,1,0
BRDA:27,3,0,0
BRDA:27,3,1,0
BRDA:35,4,0,0
BRDA:35,4,1,0
BRDA:35,5,0,0
BRDA:35,5,1,0
BRDA:39,6,0,0
BRDA:39,6,1,0
BRDA:39,7,0,0
BRDA:39,7,1,0
BRDA:39,7,2,0
BRDA:42,8,0,0
BRDA:42,8,1,0
BRDA:42,9,0,0
BRDA:42,9,1,0
BRDA:51,10,0,0
BRDA:51,10,1,0
BRDA:57,11,0,0
BRDA:57,11,1,0
BRDA:63,12,0,0
BRDA:63,12,1,0
BRDA:66,13,0,0
BRDA:66,13,1,0
BRDA:68,14,0,0
BRDA:68,14,1,0
BRDA:71,15,0,0
BRDA:71,15,1,0
BRDA:76,16,0,0
BRDA:76,16,1,0
BRDA:81,17,0,0
BRDA:81,17,1,0
BRDA:83,18,0,0
BRDA:83,18,1,0
BRDA:84,19,0,0
BRDA:84,19,1,0
BRDA:84,20,0,0
BRDA:84,20,1,0
BRDA:86,21,0,0
BRDA:86,21,1,0
BRDA:87,22,0,0
BRDA:87,22,1,0
BRDA:87,23,0,0
BRDA:87,23,1,0
BRDA:96,24,0,0
BRDA:96,24,1,0
BRDA:96,25,0,0
BRDA:96,25,1,0
BRDA:100,26,0,0
BRDA:100,26,1,0
BRDA:105,27,0,0
BRDA:105,27,1,0
BRDA:105,28,0,0
BRDA:105,28,1,0
BRDA:110,29,0,0
BRDA:110,29,1,0
BRDA:117,30,0,0
BRDA:117,30,1,0
BRDA:118,31,0,0
BRDA:118,31,1,0
BRDA:118,32,0,0
BRDA:118,32,1,0
BRDA:125,33,0,0
BRDA:125,33,1,0
BRDA:127,34,0,0
BRDA:127,34,1,0
BRDA:130,35,0,0
BRDA:130,35,1,0
BRDA:137,36,0,0
BRDA:137,36,1,0
BRDA:139,37,0,0
BRDA:139,37,1,0
BRDA:141,38,0,0
BRDA:141,38,1,0
BRDA:141,39,0,0
BRDA:141,39,1,0
BRDA:144,40,0,0
BRDA:144,40,1,0
BRDA:149,41,0,0
BRDA:149,41,1,0
BRDA:156,42,0,0
BRDA:156,42,1,0
BRDA:158,43,0,0
BRDA:158,43,1,0
BRDA:159,44,0,0
BRDA:159,44,1,0
BRDA:159,45,0,0
BRDA:159,45,1,0
BRDA:160,46,0,0
BRDA:160,46,1,0
BRDA:160,47,0,0
BRDA:160,47,1,0
BRDA:162,48,0,0
BRDA:162,48,1,0
BRDA:162,49,0,0
BRDA:162,49,1,0
BRDA:163,50,0,0
BRDA:163,50,1,0
BRDA:164,51,0,0
BRDA:164,51,1,0
BRDA:185,52,0,0
BRDA:185,52,1,0
BRDA:185,53,0,0
BRDA:185,53,1,0
BRDA:190,54,0,0
BRDA:190,54,1,0
BRDA:190,55,0,0
BRDA:190,55,1,0
BRDA:196,56,0,0
BRDA:196,56,1,0
BRDA:196,57,0,0
BRDA:196,57,1,0
BRDA:224,58,0,0
BRDA:224,58,1,0
BRDA:225,59,0,0
BRDA:225,59,1,0
BRDA:241,60,0,0
BRDA:241,60,1,0
BRDA:253,61,0,0
BRDA:253,61,1,0
BRDA:253,62,0,0
BRDA:253,62,1,0
BRDA:276,63,0,0
BRDA:276,63,1,0
BRDA:278,64,0,0
BRDA:278,64,1,0
BRDA:287,65,0,0
BRDA:287,65,1,0
BRDA:379,66,0,0
BRDA:379,66,1,0
BRDA:386,67,0,0
BRDA:386,67,1,0
BRDA:397,68,0,0
BRDA:397,68,1,0
BRDA:402,69,0,0
BRDA:402,69,1,0
BRDA:409,70,0,0
BRDA:409,70,1,0
BRDA:416,71,0,0
BRDA:416,71,1,0
BRDA:423,72,0,0
BRDA:423,72,1,0
BRDA:423,73,0,0
BRDA:423,73,1,0
BRDA:423,73,2,0
BRDA:423,73,3,0
BRDA:430,74,0,0
BRDA:430,74,1,0
BRDA:441,75,0,0
BRDA:441,75,1,0
BRDA:468,76,0,0
BRDA:468,76,1,0
BRDA:472,77,0,0
BRDA:472,77,1,0
BRDA:481,78,0,0
BRDA:481,78,1,0
BRDA:538,79,0,0
BRDA:538,79,1,0
BRDA:618,80,0,0
BRDA:618,80,1,0
BRDA:622,81,0,0
BRDA:622,81,1,0
BRDA:622,82,0,0
BRDA:622,82,1,0
BRDA:622,82,2,0
BRDA:623,83,0,0
BRDA:623,83,1,0
BRDA:623,84,0,0
BRDA:623,84,1,0
BRDA:629,85,0,0
BRDA:629,85,1,0
BRDA:629,86,0,0
BRDA:629,86,1,0
BRDA:634,87,0,0
BRDA:634,87,1,0
BRDA:640,88,0,0
BRDA:640,88,1,0
BRDA:640,89,0,0
BRDA:640,89,1,0
BRDA:645,90,0,0
BRDA:645,90,1,0
BRDA:651,91,0,0
BRDA:651,91,1,0
BRDA:651,92,0,0
BRDA:651,92,1,0
BRDA:653,93,0,0
BRDA:653,93,1,0
BRDA:654,94,0,0
BRDA:654,94,1,0
BRDA:654,95,0,0
BRDA:654,95,1,0
BRDA:660,96,0,0
BRDA:660,96,1,0
BRDA:662,97,0,0
BRDA:662,97,1,0
BRDA:665,98,0,0
BRDA:665,98,1,0
BRDA:670,99,0,0
BRDA:670,99,1,0
BRDA:672,100,0,0
BRDA:672,100,1,0
BRDA:674,101,0,0
BRDA:674,101,1,0
BRDA:674,102,0,0
BRDA:674,102,1,0
BRDA:677,103,0,0
BRDA:677,103,1,0
BRDA:678,104,0,0
BRDA:678,104,1,0
BRDA:684,105,0,0
BRDA:684,105,1,0
BRDA:686,106,0,0
BRDA:686,106,1,0
BRDA:687,107,0,0
BRDA:687,107,1,0
BRDA:694,108,0,0
BRDA:694,108,1,0
BRDA:705,109,0,0
BRDA:705,109,1,0
BRDA:705,110,0,0
BRDA:705,110,1,0
BRDA:720,111,0,0
BRDA:720,111,1,0
BRDA:724,112,0,0
BRDA:724,112,1,0
BRDA:728,113,0,0
BRDA:728,113,1,0
BRDA:732,114,0,0
BRDA:732,114,1,0
BRDA:736,115,0,0
BRDA:736,115,1,0
BRDA:740,116,0,0
BRDA:740,116,1,0
BRDA:744,117,0,0
BRDA:744,117,1,0
BRDA:748,118,0,0
BRDA:748,118,1,0
BRDA:752,119,0,0
BRDA:752,119,1,0
BRDA:756,120,0,0
BRDA:756,120,1,0
BRDA:765,121,0,0
BRDA:765,121,1,0
BRDA:779,122,0,0
BRDA:779,122,1,0
BRDA:799,123,0,0
BRDA:799,123,1,0
BRDA:801,124,0,0
BRDA:801,124,1,0
BRDA:807,125,0,0
BRDA:807,125,1,0
BRDA:828,126,0,0
BRDA:828,126,1,0
BRDA:828,127,0,0
BRDA:828,127,1,0
BRDA:833,128,0,0
BRDA:833,128,1,0
BRDA:833,129,0,0
BRDA:833,129,1,0
BRDA:835,130,0,0
BRDA:835,130,1,0
BRDA:836,131,0,0
BRDA:836,131,1,0
BRDA:839,132,0,0
BRDA:839,132,1,0
BRDA:856,133,0,0
BRDA:856,133,1,0
BRDA:913,134,0,0
BRDA:913,134,1,0
BRDA:913,135,0,0
BRDA:913,135,1,0
BRDA:915,136,0,0
BRDA:915,136,1,0
BRDA:969,137,0,0
BRDA:969,137,1,0
BRDA:979,138,0,0
BRDA:979,138,1,0
BRDA:1028,139,0,0
BRDA:1028,139,1,0
BRDA:1050,140,0,0
BRDA:1050,140,1,0
BRF:287
BRH:0
end_of_record
TN:
SF:services\ventasService.js
FN:8,(anonymous_0)
FN:205,(anonymous_1)
FN:282,(anonymous_2)
FN:329,(anonymous_3)
FNF:4
FNH:0
FNDA:0,(anonymous_0)
FNDA:0,(anonymous_1)
FNDA:0,(anonymous_2)
FNDA:0,(anonymous_3)
DA:1,11
DA:2,11
DA:9,0
DA:17,0
DA:20,0
DA:21,0
DA:23,0
DA:24,0
DA:28,0
DA:29,0
DA:30,0
DA:31,0
DA:33,0
DA:34,0
DA:35,0
DA:36,0
DA:37,0
DA:39,0
DA:40,0
DA:42,0
DA:43,0
DA:44,0
DA:45,0
DA:47,0
DA:58,0
DA:59,0
DA:60,0
DA:63,0
DA:66,0
DA:67,0
DA:68,0
DA:71,0
DA:84,0
DA:87,0
DA:88,0
DA:99,0
DA:100,0
DA:107,0
DA:111,0
DA:113,0
DA:114,0
DA:124,0
DA:125,0
DA:127,0
DA:128,0
DA:129,0
DA:133,0
DA:136,0
DA:137,0
DA:140,0
DA:150,0
DA:151,0
DA:152,0
DA:160,0
DA:161,0
DA:177,0
DA:182,0
DA:184,0
DA:195,0
DA:196,0
DA:198,0
DA:206,0
DA:207,0
DA:209,0
DA:229,0
DA:230,0
DA:232,0
DA:233,0
DA:234,0
DA:236,0
DA:237,0
DA:238,0
DA:240,0
DA:241,0
DA:242,0
DA:244,0
DA:245,0
DA:246,0
DA:248,0
DA:249,0
DA:250,0
DA:252,0
DA:253,0
DA:254,0
DA:255,0
DA:258,0
DA:259,0
DA:260,0
DA:261,0
DA:263,0
DA:266,0
DA:269,0
DA:271,0
DA:283,0
DA:285,0
DA:297,0
DA:299,0
DA:300,0
DA:303,0
DA:309,0
DA:311,0
DA:317,0
DA:319,0
DA:330,0
DA:332,0
DA:333,0
DA:334,0
DA:337,0
DA:342,0
DA:343,0
DA:346,0
DA:347,0
DA:351,0
DA:356,0
DA:357,0
DA:358,0
DA:367,0
DA:373,0
DA:375,0
DA:378,0
DA:379,0
DA:381,0
DA:386,11
LF:123
LH:3
BRDA:20,0,0,0
BRDA:20,0,1,0
BRDA:20,1,0,0
BRDA:20,1,1,0
BRDA:23,2,0,0
BRDA:23,2,1,0
BRDA:23,3,0,0
BRDA:23,3,1,0
BRDA:34,4,0,0
BRDA:34,4,1,0
BRDA:35,5,0,0
BRDA:35,5,1,0
BRDA:36,6,0,0
BRDA:36,6,1,0
BRDA:37,7,0,0
BRDA:37,7,1,0
BRDA:39,8,0,0
BRDA:39,8,1,0
BRDA:40,9,0,0
BRDA:40,9,1,0
BRDA:48,10,0,0
BRDA:48,10,1,0
BRDA:49,11,0,0
BRDA:49,11,1,0
BRDA:49,11,2,0
BRDA:79,12,0,0
BRDA:79,12,1,0
BRDA:81,13,0,0
BRDA:81,13,1,0
BRDA:99,14,0,0
BRDA:99,14,1,0
BRDA:113,15,0,0
BRDA:113,15,1,0
BRDA:124,16,0,0
BRDA:124,16,1,0
BRDA:124,17,0,0
BRDA:124,17,1,0
BRDA:128,18,0,0
BRDA:128,18,1,0
BRDA:128,19,0,0
BRDA:128,19,1,0
BRDA:136,20,0,0
BRDA:136,20,1,0
BRDA:137,21,0,0
BRDA:137,21,1,0
BRDA:145,22,0,0
BRDA:145,22,1,0
BRDA:145,22,2,0
BRDA:146,23,0,0
BRDA:146,23,1,0
BRDA:150,24,0,0
BRDA:150,24,1,0
BRDA:151,25,0,0
BRDA:151,25,1,0
BRDA:171,26,0,0
BRDA:171,26,1,0
BRDA:191,27,0,0
BRDA:191,27,1,0
BRDA:207,28,0,0
BRDA:207,29,0,0
BRDA:232,30,0,0
BRDA:232,30,1,0
BRDA:236,31,0,0
BRDA:236,31,1,0
BRDA:240,32,0,0
BRDA:240,32,1,0
BRDA:244,33,0,0
BRDA:244,33,1,0
BRDA:248,34,0,0
BRDA:248,34,1,0
BRDA:252,35,0,0
BRDA:252,35,1,0
BRDA:273,36,0,0
BRDA:273,36,1,0
BRDA:299,37,0,0
BRDA:299,37,1,0
BRDA:342,38,0,0
BRDA:342,38,1,0
BRDA:346,39,0,0
BRDA:346,39,1,0
BRDA:357,40,0,0
BRDA:357,40,1,0
BRF:82
BRH:0
end_of_record
